Start testing: Jan 14 22:44 GMT Standard Time
----------------------------------------------------------
1/1 Testing: AllTests
1/1 Test: AllTests
Command: "C:/Users/billk/Documents/GitHub/Cpp/interviews_live_coding_questions/Exercise_1/build/runTests.exe"
Directory: C:/Users/billk/Documents/GitHub/Cpp/interviews_live_coding_questions/Exercise_1/build
"AllTests" start time: Jan 14 22:44 GMT Standard Time
Output:
----------------------------------------------------------
Running main() from C:\Users\billk\Downloads\googletest-1.14.0\googletest-1.14.0\googletest\src\gtest_main.cc
[==========] Running 10 tests from 3 test suites.
[----------] Global test environment set-up.
[----------] 1 test from SumOfDividableNumbersTest
[ RUN      ] SumOfDividableNumbersTest.CorrectSum
C:\Users\billk\Documents\GitHub\Cpp\interviews_live_coding_questions\Exercise_1\tests.cpp:13: Failure
Expected equality of these values:
  sum_of_dividable_numbers()
    Which is: 210035000
  183001000

[  FAILED  ] SumOfDividableNumbersTest.CorrectSum (0 ms)
[----------] 1 test from SumOfDividableNumbersTest (0 ms total)

[----------] 4 tests from CheckBitsTest
[ RUN      ] CheckBitsTest.AllBitsZero
[       OK ] CheckBitsTest.AllBitsZero (0 ms)
[ RUN      ] CheckBitsTest.AllBitsOne
[       OK ] CheckBitsTest.AllBitsOne (0 ms)
[ RUN      ] CheckBitsTest.SingleBitSet
[       OK ] CheckBitsTest.SingleBitSet (0 ms)
[ RUN      ] CheckBitsTest.MultipleBitsSet
[       OK ] CheckBitsTest.MultipleBitsSet (0 ms)
[----------] 4 tests from CheckBitsTest (0 ms total)

[----------] 5 tests from ReverseStringTest
[ RUN      ] ReverseStringTest.EmptyString
[       OK ] ReverseStringTest.EmptyString (0 ms)
[ RUN      ] ReverseStringTest.SingleCharacter
[       OK ] ReverseStringTest.SingleCharacter (0 ms)
[ RUN      ] ReverseStringTest.EvenLengthString
[       OK ] ReverseStringTest.EvenLengthString (0 ms)
[ RUN      ] ReverseStringTest.OddLengthString
[       OK ] ReverseStringTest.OddLengthString (0 ms)
[ RUN      ] ReverseStringTest.PalindromeString
[       OK ] ReverseStringTest.PalindromeString (0 ms)
[----------] 5 tests from ReverseStringTest (0 ms total)

[----------] Global test environment tear-down
[==========] 10 tests from 3 test suites ran. (1 ms total)
[  PASSED  ] 9 tests.
[  FAILED  ] 1 test, listed below:
[  FAILED  ] SumOfDividableNumbersTest.CorrectSum

 1 FAILED TEST
<end of output>
Test time =   0.04 sec
----------------------------------------------------------
Test Failed.
"AllTests" end time: Jan 14 22:44 GMT Standard Time
"AllTests" time elapsed: 00:00:00
----------------------------------------------------------

End testing: Jan 14 22:44 GMT Standard Time
